<?xml version="1.0" encoding="UTF-8"?>
<testng-results skipped="0" failed="0" total="1" passed="1">
  <reporter-output>
  </reporter-output>
  <suite name="Default suite" duration-ms="10994" started-at="2021-05-12T06:28:33Z" finished-at="2021-05-12T06:28:44Z">
    <groups>
    </groups>
    <test name="Default test" duration-ms="10994" started-at="2021-05-12T06:28:33Z" finished-at="2021-05-12T06:28:44Z">
      <class name="GodaddyProject.Godaddy.CreateAccountTest">
        <test-method status="PASS" signature="bTest()[pri:0, instance:GodaddyProject.Godaddy.CreateAccountTest@5ba23b66]" name="bTest" is-config="true" duration-ms="3931" started-at="2021-05-12T11:58:33Z" finished-at="2021-05-12T11:58:37Z">
          <reporter-output>
          </reporter-output>
        </test-method> <!-- bTest -->
        <test-method status="PASS" signature="creatingAcnt()[pri:0, instance:GodaddyProject.Godaddy.CreateAccountTest@5ba23b66]" name="creatingAcnt" duration-ms="7051" started-at="2021-05-12T11:58:37Z" finished-at="2021-05-12T11:58:44Z">
          <reporter-output>
          </reporter-output>
        </test-method> <!-- creatingAcnt -->
        <test-method status="PASS" signature="aTest()[pri:0, instance:GodaddyProject.Godaddy.CreateAccountTest@5ba23b66]" name="aTest" is-config="true" duration-ms="0" started-at="2021-05-12T11:58:44Z" finished-at="2021-05-12T11:58:44Z">
          <reporter-output>
          </reporter-output>
        </test-method> <!-- aTest -->
      </class> <!-- GodaddyProject.Godaddy.CreateAccountTest -->
    </test> <!-- Default test -->
  </suite> <!-- Default suite -->
</testng-results>
